#
# There is insufficient memory for the Java Runtime Environment to continue.
# Native memory allocation (malloc) failed to allocate 1524112 bytes for Chunk::new
# Possible reasons:
#   The system is out of physical RAM or swap space
#   The process is running with CompressedOops enabled, and the Java Heap may be blocking the growth of the native heap
# Possible solutions:
#   Reduce memory load on the system
#   Increase physical memory or swap space
#   Check if swap backing store is full
#   Decrease Java heap size (-Xmx/-Xms)
#   Decrease number of Java threads
#   Decrease Java thread stack sizes (-Xss)
#   Set larger code cache with -XX:ReservedCodeCacheSize=
#   JVM is running with Zero Based Compressed Oops mode in which the Java heap is
#     placed in the first 32GB address space. The Java Heap base address is the
#     maximum limit for the native heap growth. Please use -XX:HeapBaseMinAddress
#     to set the Java Heap base and to place the Java Heap above 32GB virtual address.
# This output file may be truncated or incomplete.
#
#  Out of Memory Error (allocation.cpp:389), pid=21052, tid=0x00000000000051f4
#
# JRE version: Java(TM) SE Runtime Environment (8.0_401) (build 1.8.0_401-b10)
# Java VM: Java HotSpot(TM) 64-Bit Server VM (25.401-b10 mixed mode windows-amd64 compressed oops)
# Failed to write core dump. Minidumps are not enabled by default on client versions of Windows
#

---------------  T H R E A D  ---------------

Current thread (0x000001f85201d800):  JavaThread "C2 CompilerThread1" daemon [_thread_in_native, id=20980, stack(0x0000000d22a00000,0x0000000d22b00000)]

Stack: [0x0000000d22a00000,0x0000000d22b00000]
Native frames: (J=compiled Java code, j=interpreted, Vv=VM code, C=native code)
V  [jvm.dll+0x3530d9]
V  [jvm.dll+0x290072]
V  [jvm.dll+0x290c3d]
V  [jvm.dll+0x285275]
V  [jvm.dll+0xdbbbc]
V  [jvm.dll+0xdc3cc]
V  [jvm.dll+0x49ca0c]
V  [jvm.dll+0x45ffc5]
V  [jvm.dll+0x46928f]
V  [jvm.dll+0x468689]
V  [jvm.dll+0x4523ac]
V  [jvm.dll+0xb08f6]
V  [jvm.dll+0xaefcf]
V  [jvm.dll+0x2515d2]
V  [jvm.dll+0x2acb3c]
C  [ucrtbase.dll+0x21bb2]
C  [KERNEL32.DLL+0x17344]
C  [ntdll.dll+0x4cc91]


Current CompileTask:
C2: 204938 10541       4       org.thymeleaf.engine.ProcessorTemplateHandler::handleOpenElement (1187 bytes)


---------------  P R O C E S S  ---------------

Java Threads: ( => current thread )
  0x000001f85bf3e000 JavaThread "DestroyJavaVM" [_thread_blocked, id=10960, stack(0x0000000d21800000,0x0000000d21900000)]
  0x000001f85bf44800 JavaThread "http-nio-8080-AsyncTimeout" daemon [_thread_blocked, id=21384, stack(0x0000000d24600000,0x0000000d24700000)]
  0x000001f85bf3d000 JavaThread "http-nio-8080-Acceptor-0" daemon [_thread_in_native, id=3764, stack(0x0000000d24500000,0x0000000d24600000)]
  0x000001f85bf44000 JavaThread "http-nio-8080-ClientPoller-1" daemon [_thread_in_native, id=3876, stack(0x0000000d24400000,0x0000000d24500000)]
  0x000001f85bf43000 JavaThread "http-nio-8080-ClientPoller-0" daemon [_thread_in_native, id=3096, stack(0x0000000d24300000,0x0000000d24400000)]
  0x000001f85bf42800 JavaThread "http-nio-8080-exec-10" daemon [_thread_blocked, id=16956, stack(0x0000000d24200000,0x0000000d24300000)]
  0x000001f85bf3b000 JavaThread "http-nio-8080-exec-9" daemon [_thread_blocked, id=21724, stack(0x0000000d24100000,0x0000000d24200000)]
  0x000001f85bf3c800 JavaThread "http-nio-8080-exec-8" daemon [_thread_blocked, id=18916, stack(0x0000000d24000000,0x0000000d24100000)]
  0x000001f85bf3b800 JavaThread "http-nio-8080-exec-7" daemon [_thread_blocked, id=14340, stack(0x0000000d23f00000,0x0000000d24000000)]
  0x000001f85bf41000 JavaThread "http-nio-8080-exec-6" daemon [_thread_blocked, id=22280, stack(0x0000000d23e00000,0x0000000d23f00000)]
  0x000001f85bf3e800 JavaThread "http-nio-8080-exec-5" daemon [_thread_blocked, id=17528, stack(0x0000000d23d00000,0x0000000d23e00000)]
  0x000001f85bf41800 JavaThread "http-nio-8080-exec-4" daemon [_thread_blocked, id=5484, stack(0x0000000d23c00000,0x0000000d23d00000)]
  0x000001f85bf40000 JavaThread "http-nio-8080-exec-3" daemon [_thread_blocked, id=7084, stack(0x0000000d23b00000,0x0000000d23c00000)]
  0x000001f85bf3a000 JavaThread "http-nio-8080-exec-2" daemon [_thread_blocked, id=4924, stack(0x0000000d23a00000,0x0000000d23b00000)]
  0x000001f85bf3f800 JavaThread "http-nio-8080-exec-1" daemon [_thread_blocked, id=19468, stack(0x0000000d23900000,0x0000000d23a00000)]
  0x000001f852624000 JavaThread "NioBlockingSelector.BlockPoller-1" daemon [_thread_in_native, id=15328, stack(0x0000000d23800000,0x0000000d23900000)]
  0x000001f852622800 JavaThread "SimplePauseDetectorThread_0" daemon [_thread_blocked, id=17224, stack(0x0000000d23700000,0x0000000d23800000)]
  0x000001f852621800 JavaThread "Thread-3" daemon [_thread_blocked, id=19536, stack(0x0000000d23600000,0x0000000d23700000)]
  0x000001f85261e000 JavaThread "HikariPool-1 housekeeper" daemon [_thread_blocked, id=14952, stack(0x0000000d23500000,0x0000000d23600000)]
  0x000001f85261d000 JavaThread "PostgreSQL-JDBC-SharedTimer-1" daemon [_thread_blocked, id=14204, stack(0x0000000d23400000,0x0000000d23500000)]
  0x000001f852623000 JavaThread "container-0" [_thread_blocked, id=15340, stack(0x0000000d23200000,0x0000000d23300000)]
  0x000001f852621000 JavaThread "ContainerBackgroundProcessor[StandardEngine[Tomcat]]" daemon [_thread_blocked, id=19908, stack(0x0000000d23100000,0x0000000d23200000)]
  0x000001f852019000 JavaThread "Service Thread" daemon [_thread_blocked, id=18268, stack(0x0000000d22d00000,0x0000000d22e00000)]
  0x000001f852012000 JavaThread "C1 CompilerThread3" daemon [_thread_blocked, id=19944, stack(0x0000000d22c00000,0x0000000d22d00000)]
  0x000001f85201e000 JavaThread "C2 CompilerThread2" daemon [_thread_in_native, id=6228, stack(0x0000000d22b00000,0x0000000d22c00000)]
=>0x000001f85201d800 JavaThread "C2 CompilerThread1" daemon [_thread_in_native, id=20980, stack(0x0000000d22a00000,0x0000000d22b00000)]
  0x000001f85201c800 JavaThread "C2 CompilerThread0" daemon [_thread_blocked, id=17872, stack(0x0000000d22900000,0x0000000d22a00000)]
  0x000001f84fa5c000 JavaThread "JDWP Command Reader" daemon [_thread_in_native, id=21840, stack(0x0000000d22800000,0x0000000d22900000)]
  0x000001f84fa5b000 JavaThread "JDWP Event Helper Thread" daemon [_thread_blocked, id=12304, stack(0x0000000d22700000,0x0000000d22800000)]
  0x000001f84fa52800 JavaThread "JDWP Transport Listener: dt_socket" daemon [_thread_blocked, id=5608, stack(0x0000000d22600000,0x0000000d22700000)]
  0x000001f84fa25800 JavaThread "Attach Listener" daemon [_thread_blocked, id=2916, stack(0x0000000d22500000,0x0000000d22600000)]
  0x000001f84fa24800 JavaThread "Signal Dispatcher" daemon [_thread_blocked, id=22464, stack(0x0000000d22400000,0x0000000d22500000)]
  0x000001f84fa00800 JavaThread "Finalizer" daemon [_thread_blocked, id=7304, stack(0x0000000d22300000,0x0000000d22400000)]
  0x000001f84f9d9000 JavaThread "Reference Handler" daemon [_thread_blocked, id=10652, stack(0x0000000d22200000,0x0000000d22300000)]

Other Threads:
  0x000001f834c9e800 VMThread [stack: 0x0000000d22100000,0x0000000d22200000] [id=20612]
  0x000001f852156000 WatcherThread [stack: 0x0000000d22e00000,0x0000000d22f00000] [id=3676]

VM state:not at safepoint (normal execution)

VM Mutex/Monitor currently owned by a thread: None

heap address: 0x00000006c1e00000, size: 4066 MB, Compressed Oops mode: Zero based, Oop shift amount: 3
Narrow klass base: 0x0000000000000000, Narrow klass shift: 3
Compressed class space size: 1073741824 Address: 0x00000007c0000000

Heap:
 PSYoungGen      total 506368K, used 177829K [0x000000076b500000, 0x000000078e000000, 0x00000007c0000000)
  eden space 485888K, 32% used [0x000000076b500000,0x0000000774ebe548,0x0000000788f80000)
  from space 20480K, 99% used [0x000000078cc00000,0x000000078dfeb0d0,0x000000078e000000)
  to   space 25088K, 0% used [0x000000078af00000,0x000000078af00000,0x000000078c780000)
 ParOldGen       total 173568K, used 40898K [0x00000006c1e00000, 0x00000006cc780000, 0x000000076b500000)
  object space 173568K, 23% used [0x00000006c1e00000,0x00000006c45f0958,0x00000006cc780000)
 Metaspace       used 70384K, capacity 74194K, committed 74456K, reserved 1114112K
  class space    used 9034K, capacity 9663K, committed 9728K, reserved 1048576K

Card table byte_map: [0x000001f8458e0000,0x000001f8460e0000] byte_map_base: 0x000001f8422d1000

Marking Bits: (ParMarkBitMap*) 0x00007ffe8bc75fc0
 Begin Bits: [0x000001f846630000, 0x000001f84a5b8000)
 End Bits:   [0x000001f84a5b8000, 0x000001f84e540000)

Polling page: 0x000001f8364f0000

CodeCache: size=245760Kb used=32815Kb max_used=32815Kb free=212944Kb
 bounds [0x000001f836520000, 0x000001f838560000, 0x000001f845520000]
 total_blobs=9382 nmethods=8815 adapters=486
 compilation: enabled

Compilation events (10 events):
Event: 204.763 Thread 0x000001f852012000 nmethod 10570 0x000001f836f96010 code [0x000001f836f961a0, 0x000001f836f96830]
Event: 204.765 Thread 0x000001f85201c800 nmethod 10569 0x000001f836f8ec50 code [0x000001f836f8eda0, 0x000001f836f8f018]
Event: 204.768 Thread 0x000001f852012000 10571       3       java.lang.RuntimeException::<init> (5 bytes)
Event: 204.768 Thread 0x000001f852012000 nmethod 10571 0x000001f836f98390 code [0x000001f836f98520, 0x000001f836f988b0]
Event: 204.769 Thread 0x000001f852012000 10572   !   3       org.springframework.beans.factory.support.DefaultListableBeanFactory::doResolveDependency (500 bytes)
Event: 204.780 Thread 0x000001f852012000 nmethod 10572 0x000001f83854f050 code [0x000001f83854fb20, 0x000001f8385586c0]
Event: 204.780 Thread 0x000001f852012000 10573       3       org.HdrHistogram.WriterReaderPhaser::writerCriticalSectionEnter (8 bytes)
Event: 204.781 Thread 0x000001f852012000 nmethod 10573 0x000001f836f97bd0 code [0x000001f836f97d60, 0x000001f836f981f0]
Event: 204.781 Thread 0x000001f852012000 10574       3       org.HdrHistogram.WriterReaderPhaser::writerCriticalSectionExit (26 bytes)
Event: 204.781 Thread 0x000001f852012000 nmethod 10574 0x000001f836f8fe50 code [0x000001f836f90020, 0x000001f836f90820]

GC Heap History (10 events):
Event: 6.232 GC heap before
{Heap before GC invocations=9 (full 2):
 PSYoungGen      total 245760K, used 14796K [0x000000076b500000, 0x0000000785400000, 0x00000007c0000000)
  eden space 228864K, 0% used [0x000000076b500000,0x000000076b500000,0x0000000779480000)
  from space 16896K, 87% used [0x0000000779480000,0x000000077a2f3198,0x000000077a500000)
  to   space 18432K, 0% used [0x0000000784200000,0x0000000784200000,0x0000000785400000)
 ParOldGen       total 82944K, used 9745K [0x00000006c1e00000, 0x00000006c6f00000, 0x000000076b500000)
  object space 82944K, 11% used [0x00000006c1e00000,0x00000006c2784738,0x00000006c6f00000)
 Metaspace       used 33868K, capacity 35252K, committed 35416K, reserved 1079296K
  class space    used 4361K, capacity 4624K, committed 4736K, reserved 1048576K
Event: 6.281 GC heap after
Heap after GC invocations=9 (full 2):
 PSYoungGen      total 245760K, used 0K [0x000000076b500000, 0x0000000785400000, 0x00000007c0000000)
  eden space 228864K, 0% used [0x000000076b500000,0x000000076b500000,0x0000000779480000)
  from space 16896K, 0% used [0x0000000779480000,0x0000000779480000,0x000000077a500000)
  to   space 18432K, 0% used [0x0000000784200000,0x0000000784200000,0x0000000785400000)
 ParOldGen       total 120832K, used 19194K [0x00000006c1e00000, 0x00000006c9400000, 0x000000076b500000)
  object space 120832K, 15% used [0x00000006c1e00000,0x00000006c30beb78,0x00000006c9400000)
 Metaspace       used 33868K, capacity 35252K, committed 35416K, reserved 1079296K
  class space    used 4361K, capacity 4624K, committed 4736K, reserved 1048576K
}
Event: 9.078 GC heap before
{Heap before GC invocations=10 (full 2):
 PSYoungGen      total 245760K, used 228864K [0x000000076b500000, 0x0000000785400000, 0x00000007c0000000)
  eden space 228864K, 100% used [0x000000076b500000,0x0000000779480000,0x0000000779480000)
  from space 16896K, 0% used [0x0000000779480000,0x0000000779480000,0x000000077a500000)
  to   space 18432K, 0% used [0x0000000784200000,0x0000000784200000,0x0000000785400000)
 ParOldGen       total 120832K, used 19194K [0x00000006c1e00000, 0x00000006c9400000, 0x000000076b500000)
  object space 120832K, 15% used [0x00000006c1e00000,0x00000006c30beb78,0x00000006c9400000)
 Metaspace       used 42822K, capacity 44706K, committed 44888K, reserved 1087488K
  class space    used 5546K, capacity 5905K, committed 6016K, reserved 1048576K
Event: 9.094 GC heap after
Heap after GC invocations=10 (full 2):
 PSYoungGen      total 395264K, used 12622K [0x000000076b500000, 0x0000000784f00000, 0x00000007c0000000)
  eden space 381952K, 0% used [0x000000076b500000,0x000000076b500000,0x0000000782a00000)
  from space 13312K, 94% used [0x0000000784200000,0x0000000784e53978,0x0000000784f00000)
  to   space 18944K, 0% used [0x0000000782a00000,0x0000000782a00000,0x0000000783c80000)
 ParOldGen       total 120832K, used 19202K [0x00000006c1e00000, 0x00000006c9400000, 0x000000076b500000)
  object space 120832K, 15% used [0x00000006c1e00000,0x00000006c30c0b78,0x00000006c9400000)
 Metaspace       used 42822K, capacity 44706K, committed 44888K, reserved 1087488K
  class space    used 5546K, capacity 5905K, committed 6016K, reserved 1048576K
}
Event: 12.700 GC heap before
{Heap before GC invocations=11 (full 2):
 PSYoungGen      total 395264K, used 311109K [0x000000076b500000, 0x0000000784f00000, 0x00000007c0000000)
  eden space 381952K, 78% used [0x000000076b500000,0x000000077d87ddc8,0x0000000782a00000)
  from space 13312K, 94% used [0x0000000784200000,0x0000000784e53978,0x0000000784f00000)
  to   space 18944K, 0% used [0x0000000782a00000,0x0000000782a00000,0x0000000783c80000)
 ParOldGen       total 120832K, used 19202K [0x00000006c1e00000, 0x00000006c9400000, 0x000000076b500000)
  object space 120832K, 15% used [0x00000006c1e00000,0x00000006c30c0b78,0x00000006c9400000)
 Metaspace       used 56390K, capacity 58912K, committed 59028K, reserved 1099776K
  class space    used 7407K, capacity 7848K, committed 7936K, reserved 1048576K
Event: 12.726 GC heap after
Heap after GC invocations=11 (full 2):
 PSYoungGen      total 400896K, used 18934K [0x000000076b500000, 0x000000078e280000, 0x00000007c0000000)
  eden space 381952K, 0% used [0x000000076b500000,0x000000076b500000,0x0000000782a00000)
  from space 18944K, 99% used [0x0000000782a00000,0x0000000783c7db60,0x0000000783c80000)
  to   space 23040K, 0% used [0x000000078cc00000,0x000000078cc00000,0x000000078e280000)
 ParOldGen       total 120832K, used 24154K [0x00000006c1e00000, 0x00000006c9400000, 0x000000076b500000)
  object space 120832K, 19% used [0x00000006c1e00000,0x00000006c3596a70,0x00000006c9400000)
 Metaspace       used 56390K, capacity 58912K, committed 59028K, reserved 1099776K
  class space    used 7407K, capacity 7848K, committed 7936K, reserved 1048576K
}
Event: 12.726 GC heap before
{Heap before GC invocations=12 (full 3):
 PSYoungGen      total 400896K, used 18934K [0x000000076b500000, 0x000000078e280000, 0x00000007c0000000)
  eden space 381952K, 0% used [0x000000076b500000,0x000000076b500000,0x0000000782a00000)
  from space 18944K, 99% used [0x0000000782a00000,0x0000000783c7db60,0x0000000783c80000)
  to   space 23040K, 0% used [0x000000078cc00000,0x000000078cc00000,0x000000078e280000)
 ParOldGen       total 120832K, used 24154K [0x00000006c1e00000, 0x00000006c9400000, 0x000000076b500000)
  object space 120832K, 19% used [0x00000006c1e00000,0x00000006c3596a70,0x00000006c9400000)
 Metaspace       used 56390K, capacity 58912K, committed 59028K, reserved 1099776K
  class space    used 7407K, capacity 7848K, committed 7936K, reserved 1048576K
Event: 12.944 GC heap after
Heap after GC invocations=12 (full 3):
 PSYoungGen      total 400896K, used 0K [0x000000076b500000, 0x000000078e280000, 0x00000007c0000000)
  eden space 381952K, 0% used [0x000000076b500000,0x000000076b500000,0x0000000782a00000)
  from space 18944K, 0% used [0x0000000782a00000,0x0000000782a00000,0x0000000783c80000)
  to   space 23040K, 0% used [0x000000078cc00000,0x000000078cc00000,0x000000078e280000)
 ParOldGen       total 173568K, used 40890K [0x00000006c1e00000, 0x00000006cc780000, 0x000000076b500000)
  object space 173568K, 23% used [0x00000006c1e00000,0x00000006c45ee958,0x00000006cc780000)
 Metaspace       used 56390K, capacity 58912K, committed 59028K, reserved 1099776K
  class space    used 7407K, capacity 7848K, committed 7936K, reserved 1048576K
}
Event: 34.730 GC heap before
{Heap before GC invocations=13 (full 3):
 PSYoungGen      total 400896K, used 381952K [0x000000076b500000, 0x000000078e280000, 0x00000007c0000000)
  eden space 381952K, 100% used [0x000000076b500000,0x0000000782a00000,0x0000000782a00000)
  from space 18944K, 0% used [0x0000000782a00000,0x0000000782a00000,0x0000000783c80000)
  to   space 23040K, 0% used [0x000000078cc00000,0x000000078cc00000,0x000000078e280000)
 ParOldGen       total 173568K, used 40890K [0x00000006c1e00000, 0x00000006cc780000, 0x000000076b500000)
  object space 173568K, 23% used [0x00000006c1e00000,0x00000006c45ee958,0x00000006cc780000)
 Metaspace       used 67569K, capacity 71016K, committed 71384K, reserved 1112064K
  class space    used 8818K, capacity 9406K, committed 9472K, reserved 1048576K
Event: 34.752 GC heap after
Heap after GC invocations=13 (full 3):
 PSYoungGen      total 506368K, used 20396K [0x000000076b500000, 0x000000078e000000, 0x00000007c0000000)
  eden space 485888K, 0% used [0x000000076b500000,0x000000076b500000,0x0000000788f80000)
  from space 20480K, 99% used [0x000000078cc00000,0x000000078dfeb0d0,0x000000078e000000)
  to   space 25088K, 0% used [0x000000078af00000,0x000000078af00000,0x000000078c780000)
 ParOldGen       total 173568K, used 40898K [0x00000006c1e00000, 0x00000006cc780000, 0x000000076b500000)
  object space 173568K, 23% used [0x00000006c1e00000,0x00000006c45f0958,0x00000006cc780000)
 Metaspace       used 67569K, capacity 71016K, committed 71384K, reserved 1112064K
  class space    used 8818K, capacity 9406K, committed 9472K, reserved 1048576K
}

Deoptimization events (10 events):
Event: 146.174 Thread 0x000001f85bf40000 Uncommon trap: reason=unhandled action=none pc=0x000001f83727d2e0 method=java.net.URLClassLoader.findClass(Ljava/lang/String;)Ljava/lang/Class; @ 44
Event: 146.175 Thread 0x000001f85bf40000 Uncommon trap: reason=unhandled action=none pc=0x000001f83727d2e0 method=java.net.URLClassLoader.findClass(Ljava/lang/String;)Ljava/lang/Class; @ 44
Event: 146.176 Thread 0x000001f85bf40000 Uncommon trap: reason=unhandled action=none pc=0x000001f83727d2e0 method=java.net.URLClassLoader.findClass(Ljava/lang/String;)Ljava/lang/Class; @ 44
Event: 146.176 Thread 0x000001f85bf40000 Uncommon trap: reason=unhandled action=none pc=0x000001f83727d2e0 method=java.net.URLClassLoader.findClass(Ljava/lang/String;)Ljava/lang/Class; @ 44
Event: 146.328 Thread 0x000001f85bf40000 Uncommon trap: reason=null_check action=make_not_entrant pc=0x000001f8384efe3c method=org.springframework.data.repository.util.QueryExecutionConverters.supports(Ljava/lang/Class;)Z @ 39
Event: 186.972 Thread 0x000001f85bf40000 Uncommon trap: reason=loop_limit_check action=maybe_recompile pc=0x000001f83849c08c method=org.attoparser.MarkupEventProcessorHandler.autoClose([[C[[CII)V @ 86
Event: 193.658 Thread 0x000001f85bf3b800 Uncommon trap: reason=unhandled action=none pc=0x000001f83727d2e0 method=java.net.URLClassLoader.findClass(Ljava/lang/String;)Ljava/lang/Class; @ 44
Event: 204.191 Thread 0x000001f85bf42800 Uncommon trap: reason=null_check action=make_not_entrant pc=0x000001f838357070 method=org.hibernate.engine.internal.EntityEntryContext.getAssociatedManagedEntity(Ljava/lang/Object;)Lorg/hibernate/engine/spi/ManagedEntity; @ 3
Event: 204.194 Thread 0x000001f85bf42800 Uncommon trap: reason=unstable_if action=reinterpret pc=0x000001f838366414 method=org.hibernate.engine.internal.AbstractEntityEntry.getCompressedValue(Lorg/hibernate/engine/internal/AbstractEntityEntry$EnumState;)Ljava/lang/Enum; @ 19
Event: 204.194 Thread 0x000001f85bf42800 Uncommon trap: reason=unstable_if action=reinterpret pc=0x000001f8371e97c4 method=org.hibernate.engine.jdbc.internal.BasicFormatterImpl$FormatProcess.misc()V @ 25

Classes redefined (0 events):
No events

Internal exceptions (10 events):
Event: 204.425 Thread 0x000001f85bf41800 Implicit null exception at 0x000001f8367d1954 to 0x000001f8367d2b06
Event: 204.425 Thread 0x000001f85bf41800 Exception <a 'java/lang/NullPointerException'> (0x0000000774a46688) thrown at [C:\jenkins\workspace\8-2-build-windows-x64-cygwin-sans-NAS\jdk8u401\683\hotspot\src\share\vm\runtime\sharedRuntime.cpp, line 609]
Event: 204.425 Thread 0x000001f85bf41800 Implicit null exception at 0x000001f8367d1954 to 0x000001f8367d2b06
Event: 204.425 Thread 0x000001f85bf41800 Exception <a 'java/lang/NullPointerException'> (0x0000000774a46c90) thrown at [C:\jenkins\workspace\8-2-build-windows-x64-cygwin-sans-NAS\jdk8u401\683\hotspot\src\share\vm\runtime\sharedRuntime.cpp, line 609]
Event: 204.767 Thread 0x000001f85bf3b000 Implicit null exception at 0x000001f8367d1954 to 0x000001f8367d2b06
Event: 204.767 Thread 0x000001f85bf3b000 Exception <a 'java/lang/NullPointerException'> (0x000000076fb06d40) thrown at [C:\jenkins\workspace\8-2-build-windows-x64-cygwin-sans-NAS\jdk8u401\683\hotspot\src\share\vm\runtime\sharedRuntime.cpp, line 609]
Event: 204.768 Thread 0x000001f85bf3b000 Implicit null exception at 0x000001f8367d1954 to 0x000001f8367d2b06
Event: 204.768 Thread 0x000001f85bf3b000 Exception <a 'java/lang/NullPointerException'> (0x000000076fb07e30) thrown at [C:\jenkins\workspace\8-2-build-windows-x64-cygwin-sans-NAS\jdk8u401\683\hotspot\src\share\vm\runtime\sharedRuntime.cpp, line 609]
Event: 204.768 Thread 0x000001f85bf3b000 Implicit null exception at 0x000001f8367d1954 to 0x000001f8367d2b06
Event: 204.769 Thread 0x000001f85bf3b000 Exception <a 'java/lang/NullPointerException'> (0x000000076fb08438) thrown at [C:\jenkins\workspace\8-2-build-windows-x64-cygwin-sans-NAS\jdk8u401\683\hotspot\src\share\vm\runtime\sharedRuntime.cpp, line 609]

Events (10 events):
Event: 204.768 Thread 0x000001f85bf3b000 DEOPT PACKING pc=0x000001f8367d2b0b sp=0x0000000d241fb030
Event: 204.768 Thread 0x000001f85bf3b000 DEOPT UNPACKING pc=0x000001f836567918 sp=0x0000000d241fae00 mode 1
Event: 204.768 Thread 0x000001f85bf3b000 DEOPT PACKING pc=0x000001f83697a15c sp=0x0000000d241fb140
Event: 204.768 Thread 0x000001f85bf3b000 DEOPT UNPACKING pc=0x000001f836567918 sp=0x0000000d241fae80 mode 1
Event: 204.769 Thread 0x000001f85bf3b000 DEOPT PACKING pc=0x000001f8367d2b0b sp=0x0000000d241fb030
Event: 204.769 Thread 0x000001f85bf3b000 DEOPT UNPACKING pc=0x000001f836567918 sp=0x0000000d241fae00 mode 1
Event: 204.769 Thread 0x000001f85bf3b000 DEOPT PACKING pc=0x000001f83697a15c sp=0x0000000d241fb140
Event: 204.769 Thread 0x000001f85bf3b000 DEOPT UNPACKING pc=0x000001f836567918 sp=0x0000000d241fae80 mode 1
Event: 204.779 Executing VM operation: RevokeBias
Event: 204.779 Executing VM operation: RevokeBias done


Dynamic libraries:
0x00007ff6bbbe0000 - 0x00007ff6bbc2a000 	C:\Program Files\Java\jre-1.8\bin\javaw.exe
0x00007ffee1b50000 - 0x00007ffee1d48000 	C:\Windows\SYSTEM32\ntdll.dll
0x00007ffeac750000 - 0x00007ffeac769000 	C:\Program Files\Avast Software\Avast\aswhook.dll
0x00007ffee18a0000 - 0x00007ffee195d000 	C:\Windows\System32\KERNEL32.DLL
0x00007ffedf360000 - 0x00007ffedf656000 	C:\Windows\System32\KERNELBASE.dll
0x00007ffee1460000 - 0x00007ffee1510000 	C:\Windows\System32\ADVAPI32.dll
0x00007ffee0390000 - 0x00007ffee042e000 	C:\Windows\System32\msvcrt.dll
0x00007ffedfe70000 - 0x00007ffedff10000 	C:\Windows\System32\sechost.dll
0x00007ffee1330000 - 0x00007ffee1453000 	C:\Windows\System32\RPCRT4.dll
0x00007ffedf300000 - 0x00007ffedf327000 	C:\Windows\System32\bcrypt.dll
0x00007ffedfb90000 - 0x00007ffedfd2f000 	C:\Windows\System32\USER32.dll
0x00007ffedf330000 - 0x00007ffedf352000 	C:\Windows\System32\win32u.dll
0x00007ffee0360000 - 0x00007ffee038b000 	C:\Windows\System32\GDI32.dll
0x00007ffedf810000 - 0x00007ffedf927000 	C:\Windows\System32\gdi32full.dll
0x00007ffedf210000 - 0x00007ffedf2ad000 	C:\Windows\System32\msvcp_win.dll
0x00007ffedf930000 - 0x00007ffedfa30000 	C:\Windows\System32\ucrtbase.dll
0x00007ffede6c0000 - 0x00007ffede95a000 	C:\Windows\WinSxS\amd64_microsoft.windows.common-controls_6595b64144ccf1df_6.0.19041.4355_none_60b8b9eb71f62e16\COMCTL32.dll
0x00007ffee00f0000 - 0x00007ffee011f000 	C:\Windows\System32\IMM32.DLL
0x00007ffedd590000 - 0x00007ffedd5ab000 	C:\Program Files\Java\jre-1.8\bin\vcruntime140.dll
0x00007ffedeb90000 - 0x00007ffedeb9c000 	C:\Program Files\Java\jre-1.8\bin\vcruntime140_1.dll
0x00007ffebf8f0000 - 0x00007ffebf97e000 	C:\Program Files\Java\jre-1.8\bin\msvcp140.dll
0x00007ffe8b440000 - 0x00007ffe8bcf0000 	C:\Program Files\Java\jre-1.8\bin\server\jvm.dll
0x00007ffee1510000 - 0x00007ffee1518000 	C:\Windows\System32\PSAPI.DLL
0x00007ffeca050000 - 0x00007ffeca059000 	C:\Windows\SYSTEM32\WSOCK32.dll
0x00007ffedb050000 - 0x00007ffedb05a000 	C:\Windows\SYSTEM32\VERSION.dll
0x00007ffececb0000 - 0x00007ffececd7000 	C:\Windows\SYSTEM32\WINMM.dll
0x00007ffee0d90000 - 0x00007ffee0dfb000 	C:\Windows\System32\WS2_32.dll
0x00007ffedcce0000 - 0x00007ffedccf2000 	C:\Windows\SYSTEM32\kernel.appcore.dll
0x00007ffedd580000 - 0x00007ffedd590000 	C:\Program Files\Java\jre-1.8\bin\verify.dll
0x00007ffed7b50000 - 0x00007ffed7b7b000 	C:\Program Files\Java\jre-1.8\bin\java.dll
0x00007ffed6ad0000 - 0x00007ffed6b06000 	C:\Program Files\Java\jre-1.8\bin\jdwp.dll
0x00007ffed7b40000 - 0x00007ffed7b49000 	C:\Program Files\Java\jre-1.8\bin\npt.dll
0x00007ffed6950000 - 0x00007ffed6984000 	C:\Program Files\Java\jre-1.8\bin\instrument.dll
0x00007ffed6b40000 - 0x00007ffed6b58000 	C:\Program Files\Java\jre-1.8\bin\zip.dll
0x00007ffee0540000 - 0x00007ffee0cac000 	C:\Windows\System32\SHELL32.dll
0x00007ffedc530000 - 0x00007ffedcccd000 	C:\Windows\SYSTEM32\windows.storage.dll
0x00007ffee1520000 - 0x00007ffee1873000 	C:\Windows\System32\combase.dll
0x00007ffede450000 - 0x00007ffede47e000 	C:\Windows\SYSTEM32\Wldp.dll
0x00007ffedffc0000 - 0x00007ffee008d000 	C:\Windows\System32\OLEAUT32.dll
0x00007ffedff10000 - 0x00007ffedffbd000 	C:\Windows\System32\SHCORE.dll
0x00007ffee0120000 - 0x00007ffee0175000 	C:\Windows\System32\shlwapi.dll
0x00007ffedf140000 - 0x00007ffedf164000 	C:\Windows\SYSTEM32\profapi.dll
0x00007ffed7b30000 - 0x00007ffed7b3a000 	C:\Program Files\Java\jre-1.8\bin\dt_socket.dll
0x00007ffeba8c0000 - 0x00007ffeba8d7000 	C:\Windows\system32\napinsp.dll
0x00007ffeba8e0000 - 0x00007ffeba8fb000 	C:\Windows\system32\pnrpnsp.dll
0x00007ffeda3b0000 - 0x00007ffeda3c5000 	C:\Windows\system32\wshbth.dll
0x00007ffed77f0000 - 0x00007ffed780d000 	C:\Windows\system32\NLAapi.dll
0x00007ffeddf30000 - 0x00007ffeddf6b000 	C:\Windows\SYSTEM32\IPHLPAPI.DLL
0x00007ffede230000 - 0x00007ffede29a000 	C:\Windows\System32\mswsock.dll
0x00007ffeddf70000 - 0x00007ffede03a000 	C:\Windows\SYSTEM32\DNSAPI.dll
0x00007ffedfd30000 - 0x00007ffedfd38000 	C:\Windows\System32\NSI.dll
0x00007ffebb3e0000 - 0x00007ffebb3f2000 	C:\Windows\System32\winrnr.dll
0x00007ffed4570000 - 0x00007ffed45f0000 	C:\Windows\System32\fwpuclnt.dll
0x00007ffed5830000 - 0x00007ffed583a000 	C:\Windows\System32\rasadhlp.dll
0x00007ffed7b00000 - 0x00007ffed7b0d000 	C:\Program Files\Java\jre-1.8\bin\management.dll
0x00007ffed69c0000 - 0x00007ffed69dc000 	C:\Program Files\Java\jre-1.8\bin\net.dll
0x00007ffed5dd0000 - 0x00007ffed5de3000 	C:\Program Files\Java\jre-1.8\bin\nio.dll
0x00007ffedef70000 - 0x00007ffedef88000 	C:\Windows\SYSTEM32\CRYPTSP.dll
0x00007ffeddb70000 - 0x00007ffeddba4000 	C:\Windows\system32\rsaenh.dll
0x00007ffedf0f0000 - 0x00007ffedf11e000 	C:\Windows\SYSTEM32\USERENV.dll
0x00007ffedf660000 - 0x00007ffedf6e2000 	C:\Windows\System32\bcryptprimitives.dll
0x00007ffede3c0000 - 0x00007ffede3cc000 	C:\Windows\SYSTEM32\CRYPTBASE.dll
0x00007ffed6b80000 - 0x00007ffed6b97000 	C:\Windows\SYSTEM32\dhcpcsvc6.DLL
0x00007ffed6b60000 - 0x00007ffed6b7d000 	C:\Windows\SYSTEM32\dhcpcsvc.DLL
0x00007ffedec10000 - 0x00007ffededf4000 	C:\Windows\SYSTEM32\dbghelp.dll

VM Arguments:
jvm_args: -agentlib:jdwp=transport=dt_socket,suspend=y,address=localhost:55462 -Dspring.profiles.active=local -javaagent:C:\Users\Client\eclipse\jee-2020-09\eclipse\configuration\org.eclipse.osgi\1086\0\.cp\lib\javaagent-shaded.jar -Dfile.encoding=UTF-8 
java_command: br.com.guimasnacopa.Application
java_class_path (initial): F:\DINARTE BCKUP- 23-10-2023\DEV\git\GUIMAS\guimasnacopa\guimas-na-copa\bin\main;C:\Users\Client\.gradle\caches\modules-2\files-2.1\org.springframework.boot\spring-boot-starter-web\2.0.1.RELEASE\88751ed76791d12425ce5a80476baf1749a44cf4\spring-boot-starter-web-2.0.1.RELEASE.jar;C:\Users\Client\.gradle\caches\modules-2\files-2.1\org.springframework.boot\spring-boot-starter-actuator\2.0.1.RELEASE\1ae431903895eabeccbdd611580ce63b374ccd1b\spring-boot-starter-actuator-2.0.1.RELEASE.jar;C:\Users\Client\.gradle\caches\modules-2\files-2.1\org.springframework.boot\spring-boot-starter-thymeleaf\2.0.1.RELEASE\3fae511b6291f4b6d4d391007327946961fada55\spring-boot-starter-thymeleaf-2.0.1.RELEASE.jar;C:\Users\Client\.gradle\caches\modules-2\files-2.1\org.springframework.boot\spring-boot-starter-data-jpa\2.0.1.RELEASE\b7c701f60073e2d2b8a8f5502dcc39d4f65f45ff\spring-boot-starter-data-jpa-2.0.1.RELEASE.jar;C:\Users\Client\.gradle\caches\modules-2\files-2.1\org.postgresql\postgresql\42.2.2\7ebd60d15eec1f9e796d68212121d92e3dd566b2\postgresql-42.2.2.jar;C:\Users\Client\.gradle\caches\modules-2\files-2.1\com.mashape.unirest\unirest-java\1.4.9\778cffcba803dc7d43932266aef4c91f5b6b4dd0\unirest-java-1.4.9.jar;C:\Users\Client\.gradle\caches\modules-2\files-2.1\com.google.api-client\google-api-client\1.32.1\3e216f54e59e3c6f01bc52beeeed9010724e0edf\google-api-client-1.32.1.jar;C:\Users\Client\.gradle\caches\modules-2\files-2.1\org.springframework.boot\spring-boot-starter-json\2.0.1.RELEASE\f2e1aeeb1ac02bfa1b4f7254633484af1866fc65\spring-boot-starter-json-2.0.1.RELEASE.jar;C:\Users\Client\.gradle\caches\modules-2\files-2.1\org.springframework.boot\spring-boot-starter-aop\2.0.1.RELEASE\c7f7b5b5e63edca2fb04899d13d8bad83377b4b3\spring-boot-starter-aop-2.0.1.RELEASE.jar;C:\Users\Client\.gradle\caches\modules-2\files-2.1\org.springframework.boot\spring-boot-starter-jdbc\2.0.1.RELEASE\a22a7ac74388118938bfcd894318cd0c5a7c380b\spring-boot-starter-jdbc-2.0.1.RELEASE.jar;C:\Use
Launcher Type: SUN_STANDARD

Environment Variables:
PATH=C:/Program Files/Java/jdk-15.0.2/bin/server;C:/Program Files/Java/jdk-15.0.2/bin;C:\Program Files\Microsoft\jdk-11.0.12.7-hotspot\bin;C:\Program Files\Common Files\Oracle\Java\javapath;C:\Program Files (x86)\Common Files\Oracle\Java\javapath;C:\Windows\system32;C:\Windows;C:\Windows\System32\Wbem;C:\Windows\System32\WindowsPowerShell\v1.0\;C:\Windows\System32\OpenSSH\;C:\Program Files\Intel\WiFi\bin\;C:\Program Files\Common Files\Intel\WirelessCommon\;C:\Program Files\Git\cmd;c:\Program Files (x86)\Microsoft SQL Server\100\Tools\Binn\;c:\Program Files\Microsoft SQL Server\100\Tools\Binn\;c:\Program Files\Microsoft SQL Server\100\DTS\Binn\;C:\Program Files\Microsoft SQL Server\150\Tools\Binn\;C:\Program Files\Microsoft SQL Server\Client SDK\ODBC\170\Tools\Binn\;C:\Program Files\dotnet\;C:\Program Files\nodejs\;C:\ProgramData\chocolatey\bin;C:\Program Files\PuTTY\;C:\php;C:\ProgramData\ComposerSetup\bin;C:\Users\Client\AppData\Local\Microsoft\WindowsApps;C:\Program Files\Intel\WiFi\bin\;C:\Program Files\Common Files\Intel\WirelessCommon\;C:\Users\Client\AppData\Local\Programs\Microsoft VS Code\bin;C:\Users\Client\.dotnet\tools;C:\Users\Client\AppData\Roaming\npm;C:\Users\Client\AppData\Roaming\Composer\vendor\bin;C:\Users\Client\AppData\Local\GitHubDesktop\bin;C:\Windows\system32;
USERNAME=Client
OS=Windows_NT
PROCESSOR_IDENTIFIER=Intel64 Family 6 Model 60 Stepping 3, GenuineIntel



---------------  S Y S T E M  ---------------

OS: Windows 10 , 64 bit Build 19041 (10.0.19041.3636)

CPU:total 8 (initial active 8) (4 cores per cpu, 2 threads per core) family 6 model 60 stepping 3, cmov, cx8, fxsr, mmx, sse, sse2, sse3, ssse3, sse4.1, sse4.2, popcnt, avx, avx2, aes, clmul, erms, lzcnt, ht, tsc, tscinvbit, bmi1, bmi2

Memory: 4k page, physical 16653596k(6323636k free), swap 24925524k(6124k free)

vm_info: Java HotSpot(TM) 64-Bit Server VM (25.401-b10) for windows-amd64 JRE (1.8.0_401-b10), built on Dec 19 2023 12:38:48 by "java_re" with MS VC++ 17.1 (VS2022)

time: Sun Jun 30 11:19:02 2024
timezone: Hor. de verão do leste dos EUA 
elapsed time: 204.963164 seconds (0d 0h 3m 24s)

